  Generate moc_predefs.h
  Rcc'ing ..\src\qtpropertybrowser.qrc...
  Moc'ing ..\src\qtbuttonpropertybrowser.h...
  Moc'ing ..\src\qteditorfactory.h...
  Moc'ing ..\src\qtgroupboxpropertybrowser.h...
  Moc'ing ..\src\qtpropertybrowser.h...
  Moc'ing ..\src\qtpropertybrowserutils_p.h...
  Moc'ing ..\src\qtpropertymanager.h...
  Moc'ing ..\src\qttreepropertybrowser.h...
  Moc'ing ..\src\qtvariantproperty.h...
  Moc'ing ..\src\qteditorfactory.cpp...
  Moc'ing ..\src\qtpropertymanager.cpp...
  Moc'ing ..\src\qttreepropertybrowser.cpp...
  qtbuttonpropertybrowser.cpp
  qtgroupboxpropertybrowser.cpp
  qtpropertybrowser.cpp
  qtpropertybrowserutils.cpp
  qtvariantproperty.cpp
  qrc_qtpropertybrowser.cpp
  moc_qtpropertybrowserutils_p.cpp
  qteditorfactory.cpp
  qtpropertymanager.cpp
  qttreepropertybrowser.cpp
  buildlib.vcxproj -> D:\Users\73675\Desktop\177129_qtpropertybrowser\buildlib\..\lib\QtSolutions_PropertyBrowser-head.lib
  Copy QtSolutions_PropertyBrowser-head.dll to D:\Qt\5.14.1\5.14.1\msvc2017\bin\
  已复制         1 个文件。
