d:\users\73675\desktop\177129_qtpropertybrowser\buildlib\release\qrc_qtpropertybrowser.cpp
d:\users\73675\desktop\177129_qtpropertybrowser\buildlib\release\moc_qtbuttonpropertybrowser.cpp
d:\users\73675\desktop\177129_qtpropertybrowser\buildlib\release\moc_qteditorfactory.cpp
d:\users\73675\desktop\177129_qtpropertybrowser\buildlib\release\moc_qtgroupboxpropertybrowser.cpp
d:\users\73675\desktop\177129_qtpropertybrowser\buildlib\release\moc_qtpropertybrowser.cpp
d:\users\73675\desktop\177129_qtpropertybrowser\buildlib\release\moc_qtpropertybrowserutils_p.cpp
d:\users\73675\desktop\177129_qtpropertybrowser\buildlib\release\moc_qtpropertymanager.cpp
d:\users\73675\desktop\177129_qtpropertybrowser\buildlib\release\moc_qttreepropertybrowser.cpp
d:\users\73675\desktop\177129_qtpropertybrowser\buildlib\release\moc_qtvariantproperty.cpp
d:\users\73675\desktop\177129_qtpropertybrowser\buildlib\release\qteditorfactory.moc
d:\users\73675\desktop\177129_qtpropertybrowser\buildlib\release\qtpropertymanager.moc
d:\users\73675\desktop\177129_qtpropertybrowser\buildlib\release\qttreepropertybrowser.moc
d:\users\73675\desktop\177129_qtpropertybrowser\lib\qtsolutions_propertybrowser-head.lib
d:\users\73675\desktop\177129_qtpropertybrowser\lib\qtsolutions_propertybrowser-head.exp
d:\users\73675\desktop\177129_qtpropertybrowser\buildlib\release\qrc_qtpropertybrowser.obj
d:\users\73675\desktop\177129_qtpropertybrowser\buildlib\release\qtgroupboxpropertybrowser.obj
d:\users\73675\desktop\177129_qtpropertybrowser\buildlib\release\qtvariantproperty.obj
d:\users\73675\desktop\177129_qtpropertybrowser\buildlib\release\qtpropertybrowserutils.obj
d:\users\73675\desktop\177129_qtpropertybrowser\buildlib\release\qtpropertybrowser.obj
d:\users\73675\desktop\177129_qtpropertybrowser\buildlib\release\qtbuttonpropertybrowser.obj
d:\users\73675\desktop\177129_qtpropertybrowser\buildlib\release\moc_qtpropertybrowserutils_p.obj
d:\users\73675\desktop\177129_qtpropertybrowser\buildlib\release\qteditorfactory.obj
d:\users\73675\desktop\177129_qtpropertybrowser\buildlib\release\qtpropertymanager.obj
d:\users\73675\desktop\177129_qtpropertybrowser\buildlib\release\qttreepropertybrowser.obj
d:\users\73675\desktop\177129_qtpropertybrowser\buildlib\release\moc_predefs.h
d:\users\73675\desktop\177129_qtpropertybrowser\lib\qtsolutions_propertybrowser-head.dll
d:\users\73675\desktop\177129_qtpropertybrowser\buildlib\..\lib\qtsolutions_propertybrowser-head.lib
d:\users\73675\desktop\177129_qtpropertybrowser\buildlib\release\buildlib.tlog\buildlib.write.1u.tlog
d:\users\73675\desktop\177129_qtpropertybrowser\buildlib\release\buildlib.tlog\cl.command.1.tlog
d:\users\73675\desktop\177129_qtpropertybrowser\buildlib\release\buildlib.tlog\cl.read.1.tlog
d:\users\73675\desktop\177129_qtpropertybrowser\buildlib\release\buildlib.tlog\cl.write.1.tlog
d:\users\73675\desktop\177129_qtpropertybrowser\buildlib\release\buildlib.tlog\custombuild.command.1.tlog
d:\users\73675\desktop\177129_qtpropertybrowser\buildlib\release\buildlib.tlog\custombuild.read.1.tlog
d:\users\73675\desktop\177129_qtpropertybrowser\buildlib\release\buildlib.tlog\custombuild.write.1.tlog
d:\users\73675\desktop\177129_qtpropertybrowser\buildlib\release\buildlib.tlog\link.command.1.tlog
d:\users\73675\desktop\177129_qtpropertybrowser\buildlib\release\buildlib.tlog\link.read.1.tlog
d:\users\73675\desktop\177129_qtpropertybrowser\buildlib\release\buildlib.tlog\link.write.1.tlog
d:\users\73675\desktop\177129_qtpropertybrowser\buildlib\release\buildlib.tlog\moc.read.1u.tlog
d:\users\73675\desktop\177129_qtpropertybrowser\buildlib\release\buildlib.tlog\moc.write.1u.tlog
d:\users\73675\desktop\177129_qtpropertybrowser\buildlib\release\buildlib.tlog\rcc.read.1u.tlog
d:\users\73675\desktop\177129_qtpropertybrowser\buildlib\release\buildlib.tlog\rcc.write.1u.tlog
